ARM GAS  /tmp/ccuZY3H2.s 			page 1


   1              		.cpu cortex-m4
   2              		.eabi_attribute 27, 1
   3              		.eabi_attribute 28, 1
   4              		.eabi_attribute 20, 1
   5              		.eabi_attribute 21, 1
   6              		.eabi_attribute 23, 3
   7              		.eabi_attribute 24, 1
   8              		.eabi_attribute 25, 1
   9              		.eabi_attribute 26, 1
  10              		.eabi_attribute 30, 1
  11              		.eabi_attribute 34, 1
  12              		.eabi_attribute 18, 4
  13              		.file	"freertos.c"
  14              		.text
  15              	.Ltext0:
  16              		.cfi_sections	.debug_frame
  17              		.section	.text.StartDefaultTask,"ax",%progbits
  18              		.align	1
  19              		.global	StartDefaultTask
  20              		.arch armv7e-m
  21              		.syntax unified
  22              		.thumb
  23              		.thumb_func
  24              		.fpu fpv4-sp-d16
  26              	StartDefaultTask:
  27              	.LFB135:
  28              		.file 1 "Core/Src/freertos.c"
   1:Core/Src/freertos.c **** /* USER CODE BEGIN Header */
   2:Core/Src/freertos.c **** /**
   3:Core/Src/freertos.c ****   ******************************************************************************
   4:Core/Src/freertos.c ****   * File Name          : freertos.c
   5:Core/Src/freertos.c ****   * Description        : Code for freertos applications
   6:Core/Src/freertos.c ****   ******************************************************************************
   7:Core/Src/freertos.c ****   * @attention
   8:Core/Src/freertos.c ****   *
   9:Core/Src/freertos.c ****   * <h2><center>&copy; Copyright (c) 2021 STMicroelectronics.
  10:Core/Src/freertos.c ****   * All rights reserved.</center></h2>
  11:Core/Src/freertos.c ****   *
  12:Core/Src/freertos.c ****   * This software component is licensed by ST under Ultimate Liberty license
  13:Core/Src/freertos.c ****   * SLA0044, the "License"; You may not use this file except in compliance with
  14:Core/Src/freertos.c ****   * the License. You may obtain a copy of the License at:
  15:Core/Src/freertos.c ****   *                             www.st.com/SLA0044
  16:Core/Src/freertos.c ****   *
  17:Core/Src/freertos.c ****   ******************************************************************************
  18:Core/Src/freertos.c ****   */
  19:Core/Src/freertos.c **** /* USER CODE END Header */
  20:Core/Src/freertos.c **** 
  21:Core/Src/freertos.c **** /* Includes ------------------------------------------------------------------*/
  22:Core/Src/freertos.c **** #include "FreeRTOS.h"
  23:Core/Src/freertos.c **** #include "task.h"
  24:Core/Src/freertos.c **** #include "main.h"
  25:Core/Src/freertos.c **** #include "cmsis_os.h"
  26:Core/Src/freertos.c **** 
  27:Core/Src/freertos.c **** /* Private includes ----------------------------------------------------------*/
  28:Core/Src/freertos.c **** /* USER CODE BEGIN Includes */
  29:Core/Src/freertos.c **** 
  30:Core/Src/freertos.c **** /* USER CODE END Includes */
ARM GAS  /tmp/ccuZY3H2.s 			page 2


  31:Core/Src/freertos.c **** 
  32:Core/Src/freertos.c **** /* Private typedef -----------------------------------------------------------*/
  33:Core/Src/freertos.c **** /* USER CODE BEGIN PTD */
  34:Core/Src/freertos.c **** 
  35:Core/Src/freertos.c **** /* USER CODE END PTD */
  36:Core/Src/freertos.c **** 
  37:Core/Src/freertos.c **** /* Private define ------------------------------------------------------------*/
  38:Core/Src/freertos.c **** /* USER CODE BEGIN PD */
  39:Core/Src/freertos.c **** 
  40:Core/Src/freertos.c **** /* USER CODE END PD */
  41:Core/Src/freertos.c **** 
  42:Core/Src/freertos.c **** /* Private macro -------------------------------------------------------------*/
  43:Core/Src/freertos.c **** /* USER CODE BEGIN PM */
  44:Core/Src/freertos.c **** 
  45:Core/Src/freertos.c **** /* USER CODE END PM */
  46:Core/Src/freertos.c **** 
  47:Core/Src/freertos.c **** /* Private variables ---------------------------------------------------------*/
  48:Core/Src/freertos.c **** /* USER CODE BEGIN Variables */
  49:Core/Src/freertos.c **** 
  50:Core/Src/freertos.c **** /* USER CODE END Variables */
  51:Core/Src/freertos.c **** /* Definitions for defaultTask */
  52:Core/Src/freertos.c **** osThreadId_t defaultTaskHandle;
  53:Core/Src/freertos.c **** const osThreadAttr_t defaultTask_attributes = {
  54:Core/Src/freertos.c ****   .name = "defaultTask",
  55:Core/Src/freertos.c ****   .priority = (osPriority_t) osPriorityNormal,
  56:Core/Src/freertos.c ****   .stack_size = 128 * 4
  57:Core/Src/freertos.c **** };
  58:Core/Src/freertos.c **** 
  59:Core/Src/freertos.c **** /* Private function prototypes -----------------------------------------------*/
  60:Core/Src/freertos.c **** /* USER CODE BEGIN FunctionPrototypes */
  61:Core/Src/freertos.c **** 
  62:Core/Src/freertos.c **** /* USER CODE END FunctionPrototypes */
  63:Core/Src/freertos.c **** 
  64:Core/Src/freertos.c **** void StartDefaultTask(void *argument);
  65:Core/Src/freertos.c **** 
  66:Core/Src/freertos.c **** void MX_FREERTOS_Init(void); /* (MISRA C 2004 rule 8.1) */
  67:Core/Src/freertos.c **** 
  68:Core/Src/freertos.c **** /**
  69:Core/Src/freertos.c ****   * @brief  FreeRTOS initialization
  70:Core/Src/freertos.c ****   * @param  None
  71:Core/Src/freertos.c ****   * @retval None
  72:Core/Src/freertos.c ****   */
  73:Core/Src/freertos.c **** void MX_FREERTOS_Init(void) {
  74:Core/Src/freertos.c ****   /* USER CODE BEGIN Init */
  75:Core/Src/freertos.c **** 
  76:Core/Src/freertos.c ****   /* USER CODE END Init */
  77:Core/Src/freertos.c **** 
  78:Core/Src/freertos.c ****   /* USER CODE BEGIN RTOS_MUTEX */
  79:Core/Src/freertos.c ****   /* add mutexes, ... */
  80:Core/Src/freertos.c ****   /* USER CODE END RTOS_MUTEX */
  81:Core/Src/freertos.c **** 
  82:Core/Src/freertos.c ****   /* USER CODE BEGIN RTOS_SEMAPHORES */
  83:Core/Src/freertos.c ****   /* add semaphores, ... */
  84:Core/Src/freertos.c ****   /* USER CODE END RTOS_SEMAPHORES */
  85:Core/Src/freertos.c **** 
  86:Core/Src/freertos.c ****   /* USER CODE BEGIN RTOS_TIMERS */
  87:Core/Src/freertos.c ****   /* start timers, add new ones, ... */
ARM GAS  /tmp/ccuZY3H2.s 			page 3


  88:Core/Src/freertos.c ****   /* USER CODE END RTOS_TIMERS */
  89:Core/Src/freertos.c **** 
  90:Core/Src/freertos.c ****   /* USER CODE BEGIN RTOS_QUEUES */
  91:Core/Src/freertos.c ****   /* add queues, ... */
  92:Core/Src/freertos.c ****   /* USER CODE END RTOS_QUEUES */
  93:Core/Src/freertos.c **** 
  94:Core/Src/freertos.c ****   /* Create the thread(s) */
  95:Core/Src/freertos.c ****   /* creation of defaultTask */
  96:Core/Src/freertos.c ****   defaultTaskHandle = osThreadNew(StartDefaultTask, NULL, &defaultTask_attributes);
  97:Core/Src/freertos.c **** 
  98:Core/Src/freertos.c ****   /* USER CODE BEGIN RTOS_THREADS */
  99:Core/Src/freertos.c ****   /* add threads, ... */
 100:Core/Src/freertos.c ****   /* USER CODE END RTOS_THREADS */
 101:Core/Src/freertos.c **** 
 102:Core/Src/freertos.c ****   /* USER CODE BEGIN RTOS_EVENTS */
 103:Core/Src/freertos.c ****   /* add events, ... */
 104:Core/Src/freertos.c ****   /* USER CODE END RTOS_EVENTS */
 105:Core/Src/freertos.c **** 
 106:Core/Src/freertos.c **** }
 107:Core/Src/freertos.c **** 
 108:Core/Src/freertos.c **** /* USER CODE BEGIN Header_StartDefaultTask */
 109:Core/Src/freertos.c **** /**
 110:Core/Src/freertos.c ****   * @brief  Function implementing the defaultTask thread.
 111:Core/Src/freertos.c ****   * @param  argument: Not used
 112:Core/Src/freertos.c ****   * @retval None
 113:Core/Src/freertos.c ****   */
 114:Core/Src/freertos.c **** /* USER CODE END Header_StartDefaultTask */
 115:Core/Src/freertos.c **** void StartDefaultTask(void *argument)
 116:Core/Src/freertos.c **** {
  29              		.loc 1 116 1 view -0
  30              		.cfi_startproc
  31              		@ Volatile: function does not return.
  32              		@ args = 0, pretend = 0, frame = 0
  33              		@ frame_needed = 0, uses_anonymous_args = 0
  34              	.LVL0:
  35              		.loc 1 116 1 is_stmt 0 view .LVU1
  36 0000 08B5     		push	{r3, lr}
  37              	.LCFI0:
  38              		.cfi_def_cfa_offset 8
  39              		.cfi_offset 3, -8
  40              		.cfi_offset 14, -4
  41              	.LVL1:
  42              	.L2:
 117:Core/Src/freertos.c ****   /* USER CODE BEGIN StartDefaultTask */
 118:Core/Src/freertos.c ****   /* Infinite loop */
 119:Core/Src/freertos.c ****   for(;;)
  43              		.loc 1 119 3 is_stmt 1 discriminator 1 view .LVU2
 120:Core/Src/freertos.c ****   {
 121:Core/Src/freertos.c ****     osDelay(1);
  44              		.loc 1 121 5 discriminator 1 view .LVU3
  45 0002 0120     		movs	r0, #1
  46 0004 FFF7FEFF 		bl	osDelay
  47              	.LVL2:
 119:Core/Src/freertos.c ****   {
  48              		.loc 1 119 8 discriminator 1 view .LVU4
  49 0008 FBE7     		b	.L2
  50              		.cfi_endproc
ARM GAS  /tmp/ccuZY3H2.s 			page 4


  51              	.LFE135:
  53              		.section	.text.MX_FREERTOS_Init,"ax",%progbits
  54              		.align	1
  55              		.global	MX_FREERTOS_Init
  56              		.syntax unified
  57              		.thumb
  58              		.thumb_func
  59              		.fpu fpv4-sp-d16
  61              	MX_FREERTOS_Init:
  62              	.LFB134:
  73:Core/Src/freertos.c ****   /* USER CODE BEGIN Init */
  63              		.loc 1 73 29 view -0
  64              		.cfi_startproc
  65              		@ args = 0, pretend = 0, frame = 0
  66              		@ frame_needed = 0, uses_anonymous_args = 0
  67 0000 08B5     		push	{r3, lr}
  68              	.LCFI1:
  69              		.cfi_def_cfa_offset 8
  70              		.cfi_offset 3, -8
  71              		.cfi_offset 14, -4
  96:Core/Src/freertos.c **** 
  72              		.loc 1 96 3 view .LVU6
  96:Core/Src/freertos.c **** 
  73              		.loc 1 96 23 is_stmt 0 view .LVU7
  74 0002 044A     		ldr	r2, .L6
  75 0004 0021     		movs	r1, #0
  76 0006 0448     		ldr	r0, .L6+4
  77 0008 FFF7FEFF 		bl	osThreadNew
  78              	.LVL3:
  96:Core/Src/freertos.c **** 
  79              		.loc 1 96 21 view .LVU8
  80 000c 034B     		ldr	r3, .L6+8
  81 000e 1860     		str	r0, [r3]
 106:Core/Src/freertos.c **** 
  82              		.loc 1 106 1 view .LVU9
  83 0010 08BD     		pop	{r3, pc}
  84              	.L7:
  85 0012 00BF     		.align	2
  86              	.L6:
  87 0014 00000000 		.word	.LANCHOR0
  88 0018 00000000 		.word	StartDefaultTask
  89 001c 00000000 		.word	defaultTaskHandle
  90              		.cfi_endproc
  91              	.LFE134:
  93              		.global	defaultTask_attributes
  94              		.section	.rodata.str1.4,"aMS",%progbits,1
  95              		.align	2
  96              	.LC0:
  97 0000 64656661 		.ascii	"defaultTask\000"
  97      756C7454 
  97      61736B00 
  98              		.comm	defaultTaskHandle,4,4
  99              		.section	.rodata.defaultTask_attributes,"a"
 100              		.align	2
 101              		.set	.LANCHOR0,. + 0
 104              	defaultTask_attributes:
 105 0000 00000000 		.word	.LC0
ARM GAS  /tmp/ccuZY3H2.s 			page 5


 106 0004 00000000 		.space	16
 106      00000000 
 106      00000000 
 106      00000000 
 107 0014 00020000 		.word	512
 108 0018 18000000 		.word	24
 109 001c 00000000 		.space	8
 109      00000000 
 110              		.text
 111              	.Letext0:
 112              		.file 2 "/usr/arm-none-eabi/include/machine/_default_types.h"
 113              		.file 3 "/usr/arm-none-eabi/include/sys/_stdint.h"
 114              		.file 4 "Core/Inc/FreeRTOSConfig.h"
 115              		.file 5 "Drivers/CMSIS/Include/core_cm4.h"
 116              		.file 6 "Drivers/CMSIS/Device/ST/STM32F4xx/Include/system_stm32f4xx.h"
 117              		.file 7 "Drivers/STM32F4xx_HAL_Driver/Inc/stm32f4xx_hal.h"
 118              		.file 8 "Middlewares/Third_Party/FreeRTOS/Source/CMSIS_RTOS_V2/cmsis_os2.h"
ARM GAS  /tmp/ccuZY3H2.s 			page 6


DEFINED SYMBOLS
                            *ABS*:0000000000000000 freertos.c
     /tmp/ccuZY3H2.s:18     .text.StartDefaultTask:0000000000000000 $t
     /tmp/ccuZY3H2.s:26     .text.StartDefaultTask:0000000000000000 StartDefaultTask
     /tmp/ccuZY3H2.s:54     .text.MX_FREERTOS_Init:0000000000000000 $t
     /tmp/ccuZY3H2.s:61     .text.MX_FREERTOS_Init:0000000000000000 MX_FREERTOS_Init
     /tmp/ccuZY3H2.s:87     .text.MX_FREERTOS_Init:0000000000000014 $d
                            *COM*:0000000000000004 defaultTaskHandle
     /tmp/ccuZY3H2.s:104    .rodata.defaultTask_attributes:0000000000000000 defaultTask_attributes
     /tmp/ccuZY3H2.s:95     .rodata.str1.4:0000000000000000 $d
     /tmp/ccuZY3H2.s:100    .rodata.defaultTask_attributes:0000000000000000 $d

UNDEFINED SYMBOLS
osDelay
osThreadNew
