ARM GAS  /tmp/ccC4I8AL.s 			page 1


   1              		.cpu cortex-m4
   2              		.eabi_attribute 27, 1
   3              		.eabi_attribute 28, 1
   4              		.eabi_attribute 20, 1
   5              		.eabi_attribute 21, 1
   6              		.eabi_attribute 23, 3
   7              		.eabi_attribute 24, 1
   8              		.eabi_attribute 25, 1
   9              		.eabi_attribute 26, 1
  10              		.eabi_attribute 30, 1
  11              		.eabi_attribute 34, 1
  12              		.eabi_attribute 18, 4
  13              		.file	"main.c"
  14              		.text
  15              	.Ltext0:
  16              		.cfi_sections	.debug_frame
  17              		.section	.text.Error_Handler,"ax",%progbits
  18              		.align	1
  19              		.global	Error_Handler
  20              		.arch armv7e-m
  21              		.syntax unified
  22              		.thumb
  23              		.thumb_func
  24              		.fpu fpv4-sp-d16
  26              	Error_Handler:
  27              	.LFB136:
  28              		.file 1 "Core/Src/main.c"
   1:Core/Src/main.c **** /* USER CODE BEGIN Header */
   2:Core/Src/main.c **** /**
   3:Core/Src/main.c ****   ******************************************************************************
   4:Core/Src/main.c ****   * @file           : main.c
   5:Core/Src/main.c ****   * @brief          : Main program body
   6:Core/Src/main.c ****   ******************************************************************************
   7:Core/Src/main.c ****   * @attention
   8:Core/Src/main.c ****   *
   9:Core/Src/main.c ****   * <h2><center>&copy; Copyright (c) 2021 STMicroelectronics.
  10:Core/Src/main.c ****   * All rights reserved.</center></h2>
  11:Core/Src/main.c ****   *
  12:Core/Src/main.c ****   * This software component is licensed by ST under BSD 3-Clause license,
  13:Core/Src/main.c ****   * the "License"; You may not use this file except in compliance with the
  14:Core/Src/main.c ****   * License. You may obtain a copy of the License at:
  15:Core/Src/main.c ****   *                        opensource.org/licenses/BSD-3-Clause
  16:Core/Src/main.c ****   *
  17:Core/Src/main.c ****   ******************************************************************************
  18:Core/Src/main.c ****   */
  19:Core/Src/main.c **** /* USER CODE END Header */
  20:Core/Src/main.c **** /* Includes ------------------------------------------------------------------*/
  21:Core/Src/main.c **** #include "main.h"
  22:Core/Src/main.c **** #include "cmsis_os.h"
  23:Core/Src/main.c **** #include "can.h"
  24:Core/Src/main.c **** #include "tim.h"
  25:Core/Src/main.c **** #include "usart.h"
  26:Core/Src/main.c **** #include "gpio.h"
  27:Core/Src/main.c **** 
  28:Core/Src/main.c **** /* Private includes ----------------------------------------------------------*/
  29:Core/Src/main.c **** /* USER CODE BEGIN Includes */
  30:Core/Src/main.c **** 
ARM GAS  /tmp/ccC4I8AL.s 			page 2


  31:Core/Src/main.c **** /* USER CODE END Includes */
  32:Core/Src/main.c **** 
  33:Core/Src/main.c **** /* Private typedef -----------------------------------------------------------*/
  34:Core/Src/main.c **** /* USER CODE BEGIN PTD */
  35:Core/Src/main.c **** 
  36:Core/Src/main.c **** /* USER CODE END PTD */
  37:Core/Src/main.c **** 
  38:Core/Src/main.c **** /* Private define ------------------------------------------------------------*/
  39:Core/Src/main.c **** /* USER CODE BEGIN PD */
  40:Core/Src/main.c **** /* USER CODE END PD */
  41:Core/Src/main.c **** 
  42:Core/Src/main.c **** /* Private macro -------------------------------------------------------------*/
  43:Core/Src/main.c **** /* USER CODE BEGIN PM */
  44:Core/Src/main.c **** 
  45:Core/Src/main.c **** /* USER CODE END PM */
  46:Core/Src/main.c **** 
  47:Core/Src/main.c **** /* Private variables ---------------------------------------------------------*/
  48:Core/Src/main.c **** 
  49:Core/Src/main.c **** /* USER CODE BEGIN PV */
  50:Core/Src/main.c **** 
  51:Core/Src/main.c **** /* USER CODE END PV */
  52:Core/Src/main.c **** 
  53:Core/Src/main.c **** /* Private function prototypes -----------------------------------------------*/
  54:Core/Src/main.c **** void SystemClock_Config(void);
  55:Core/Src/main.c **** void MX_FREERTOS_Init(void);
  56:Core/Src/main.c **** /* USER CODE BEGIN PFP */
  57:Core/Src/main.c **** 
  58:Core/Src/main.c **** /* USER CODE END PFP */
  59:Core/Src/main.c **** 
  60:Core/Src/main.c **** /* Private user code ---------------------------------------------------------*/
  61:Core/Src/main.c **** /* USER CODE BEGIN 0 */
  62:Core/Src/main.c **** 
  63:Core/Src/main.c **** /* USER CODE END 0 */
  64:Core/Src/main.c **** 
  65:Core/Src/main.c **** /**
  66:Core/Src/main.c ****   * @brief  The application entry point.
  67:Core/Src/main.c ****   * @retval int
  68:Core/Src/main.c ****   */
  69:Core/Src/main.c **** int main(void)
  70:Core/Src/main.c **** {
  71:Core/Src/main.c ****   /* USER CODE BEGIN 1 */
  72:Core/Src/main.c **** 
  73:Core/Src/main.c ****   /* USER CODE END 1 */
  74:Core/Src/main.c **** 
  75:Core/Src/main.c ****   /* MCU Configuration--------------------------------------------------------*/
  76:Core/Src/main.c **** 
  77:Core/Src/main.c ****   /* Reset of all peripherals, Initializes the Flash interface and the Systick. */
  78:Core/Src/main.c ****   HAL_Init();
  79:Core/Src/main.c **** 
  80:Core/Src/main.c ****   /* USER CODE BEGIN Init */
  81:Core/Src/main.c **** 
  82:Core/Src/main.c ****   /* USER CODE END Init */
  83:Core/Src/main.c **** 
  84:Core/Src/main.c ****   /* Configure the system clock */
  85:Core/Src/main.c ****   SystemClock_Config();
  86:Core/Src/main.c **** 
  87:Core/Src/main.c ****   /* USER CODE BEGIN SysInit */
ARM GAS  /tmp/ccC4I8AL.s 			page 3


  88:Core/Src/main.c **** 
  89:Core/Src/main.c ****   /* USER CODE END SysInit */
  90:Core/Src/main.c **** 
  91:Core/Src/main.c ****   /* Initialize all configured peripherals */
  92:Core/Src/main.c ****   MX_GPIO_Init();
  93:Core/Src/main.c ****   MX_USART2_UART_Init();
  94:Core/Src/main.c ****   MX_CAN2_Init();
  95:Core/Src/main.c ****   MX_TIM3_Init();
  96:Core/Src/main.c ****   MX_TIM4_Init();
  97:Core/Src/main.c ****   MX_TIM12_Init();
  98:Core/Src/main.c ****   /* USER CODE BEGIN 2 */
  99:Core/Src/main.c **** 
 100:Core/Src/main.c ****   /* USER CODE END 2 */
 101:Core/Src/main.c **** 
 102:Core/Src/main.c ****   /* Init scheduler */
 103:Core/Src/main.c ****   osKernelInitialize();  /* Call init function for freertos objects (in freertos.c) */
 104:Core/Src/main.c ****   MX_FREERTOS_Init();
 105:Core/Src/main.c ****   /* Start scheduler */
 106:Core/Src/main.c ****   osKernelStart();
 107:Core/Src/main.c **** 
 108:Core/Src/main.c ****   /* We should never get here as control is now taken by the scheduler */
 109:Core/Src/main.c ****   /* Infinite loop */
 110:Core/Src/main.c ****   /* USER CODE BEGIN WHILE */
 111:Core/Src/main.c ****   while (1)
 112:Core/Src/main.c ****   {
 113:Core/Src/main.c ****     /* USER CODE END WHILE */
 114:Core/Src/main.c **** 
 115:Core/Src/main.c ****     /* USER CODE BEGIN 3 */
 116:Core/Src/main.c ****   }
 117:Core/Src/main.c ****   /* USER CODE END 3 */
 118:Core/Src/main.c **** }
 119:Core/Src/main.c **** 
 120:Core/Src/main.c **** /**
 121:Core/Src/main.c ****   * @brief System Clock Configuration
 122:Core/Src/main.c ****   * @retval None
 123:Core/Src/main.c ****   */
 124:Core/Src/main.c **** void SystemClock_Config(void)
 125:Core/Src/main.c **** {
 126:Core/Src/main.c ****   RCC_OscInitTypeDef RCC_OscInitStruct = {0};
 127:Core/Src/main.c ****   RCC_ClkInitTypeDef RCC_ClkInitStruct = {0};
 128:Core/Src/main.c **** 
 129:Core/Src/main.c ****   /** Configure the main internal regulator output voltage
 130:Core/Src/main.c ****   */
 131:Core/Src/main.c ****   __HAL_RCC_PWR_CLK_ENABLE();
 132:Core/Src/main.c ****   __HAL_PWR_VOLTAGESCALING_CONFIG(PWR_REGULATOR_VOLTAGE_SCALE3);
 133:Core/Src/main.c ****   /** Initializes the RCC Oscillators according to the specified parameters
 134:Core/Src/main.c ****   * in the RCC_OscInitTypeDef structure.
 135:Core/Src/main.c ****   */
 136:Core/Src/main.c ****   RCC_OscInitStruct.OscillatorType = RCC_OSCILLATORTYPE_HSI;
 137:Core/Src/main.c ****   RCC_OscInitStruct.HSIState = RCC_HSI_ON;
 138:Core/Src/main.c ****   RCC_OscInitStruct.HSICalibrationValue = RCC_HSICALIBRATION_DEFAULT;
 139:Core/Src/main.c ****   RCC_OscInitStruct.PLL.PLLState = RCC_PLL_NONE;
 140:Core/Src/main.c ****   if (HAL_RCC_OscConfig(&RCC_OscInitStruct) != HAL_OK)
 141:Core/Src/main.c ****   {
 142:Core/Src/main.c ****     Error_Handler();
 143:Core/Src/main.c ****   }
 144:Core/Src/main.c ****   /** Initializes the CPU, AHB and APB buses clocks
ARM GAS  /tmp/ccC4I8AL.s 			page 4


 145:Core/Src/main.c ****   */
 146:Core/Src/main.c ****   RCC_ClkInitStruct.ClockType = RCC_CLOCKTYPE_HCLK|RCC_CLOCKTYPE_SYSCLK
 147:Core/Src/main.c ****                               |RCC_CLOCKTYPE_PCLK1|RCC_CLOCKTYPE_PCLK2;
 148:Core/Src/main.c ****   RCC_ClkInitStruct.SYSCLKSource = RCC_SYSCLKSOURCE_HSI;
 149:Core/Src/main.c ****   RCC_ClkInitStruct.AHBCLKDivider = RCC_SYSCLK_DIV1;
 150:Core/Src/main.c ****   RCC_ClkInitStruct.APB1CLKDivider = RCC_HCLK_DIV1;
 151:Core/Src/main.c ****   RCC_ClkInitStruct.APB2CLKDivider = RCC_HCLK_DIV1;
 152:Core/Src/main.c **** 
 153:Core/Src/main.c ****   if (HAL_RCC_ClockConfig(&RCC_ClkInitStruct, FLASH_LATENCY_0) != HAL_OK)
 154:Core/Src/main.c ****   {
 155:Core/Src/main.c ****     Error_Handler();
 156:Core/Src/main.c ****   }
 157:Core/Src/main.c **** }
 158:Core/Src/main.c **** 
 159:Core/Src/main.c **** /* USER CODE BEGIN 4 */
 160:Core/Src/main.c **** 
 161:Core/Src/main.c **** /* USER CODE END 4 */
 162:Core/Src/main.c **** 
 163:Core/Src/main.c **** /**
 164:Core/Src/main.c ****   * @brief  This function is executed in case of error occurrence.
 165:Core/Src/main.c ****   * @retval None
 166:Core/Src/main.c ****   */
 167:Core/Src/main.c **** void Error_Handler(void)
 168:Core/Src/main.c **** {
  29              		.loc 1 168 1 view -0
  30              		.cfi_startproc
  31              		@ Volatile: function does not return.
  32              		@ args = 0, pretend = 0, frame = 0
  33              		@ frame_needed = 0, uses_anonymous_args = 0
  34              		@ link register save eliminated.
 169:Core/Src/main.c ****   /* USER CODE BEGIN Error_Handler_Debug */
 170:Core/Src/main.c ****   /* User can add his own implementation to report the HAL error return state */
 171:Core/Src/main.c ****   __disable_irq();
  35              		.loc 1 171 3 view .LVU1
  36              	.LBB4:
  37              	.LBI4:
  38              		.file 2 "Drivers/CMSIS/Include/cmsis_gcc.h"
   1:Drivers/CMSIS/Include/cmsis_gcc.h **** /**************************************************************************//**
   2:Drivers/CMSIS/Include/cmsis_gcc.h ****  * @file     cmsis_gcc.h
   3:Drivers/CMSIS/Include/cmsis_gcc.h ****  * @brief    CMSIS compiler GCC header file
   4:Drivers/CMSIS/Include/cmsis_gcc.h ****  * @version  V5.0.4
   5:Drivers/CMSIS/Include/cmsis_gcc.h ****  * @date     09. April 2018
   6:Drivers/CMSIS/Include/cmsis_gcc.h ****  ******************************************************************************/
   7:Drivers/CMSIS/Include/cmsis_gcc.h **** /*
   8:Drivers/CMSIS/Include/cmsis_gcc.h ****  * Copyright (c) 2009-2018 Arm Limited. All rights reserved.
   9:Drivers/CMSIS/Include/cmsis_gcc.h ****  *
  10:Drivers/CMSIS/Include/cmsis_gcc.h ****  * SPDX-License-Identifier: Apache-2.0
  11:Drivers/CMSIS/Include/cmsis_gcc.h ****  *
  12:Drivers/CMSIS/Include/cmsis_gcc.h ****  * Licensed under the Apache License, Version 2.0 (the License); you may
  13:Drivers/CMSIS/Include/cmsis_gcc.h ****  * not use this file except in compliance with the License.
  14:Drivers/CMSIS/Include/cmsis_gcc.h ****  * You may obtain a copy of the License at
  15:Drivers/CMSIS/Include/cmsis_gcc.h ****  *
  16:Drivers/CMSIS/Include/cmsis_gcc.h ****  * www.apache.org/licenses/LICENSE-2.0
  17:Drivers/CMSIS/Include/cmsis_gcc.h ****  *
  18:Drivers/CMSIS/Include/cmsis_gcc.h ****  * Unless required by applicable law or agreed to in writing, software
  19:Drivers/CMSIS/Include/cmsis_gcc.h ****  * distributed under the License is distributed on an AS IS BASIS, WITHOUT
  20:Drivers/CMSIS/Include/cmsis_gcc.h ****  * WARRANTIES OR CONDITIONS OF ANY KIND, either express or implied.
ARM GAS  /tmp/ccC4I8AL.s 			page 5


  21:Drivers/CMSIS/Include/cmsis_gcc.h ****  * See the License for the specific language governing permissions and
  22:Drivers/CMSIS/Include/cmsis_gcc.h ****  * limitations under the License.
  23:Drivers/CMSIS/Include/cmsis_gcc.h ****  */
  24:Drivers/CMSIS/Include/cmsis_gcc.h **** 
  25:Drivers/CMSIS/Include/cmsis_gcc.h **** #ifndef __CMSIS_GCC_H
  26:Drivers/CMSIS/Include/cmsis_gcc.h **** #define __CMSIS_GCC_H
  27:Drivers/CMSIS/Include/cmsis_gcc.h **** 
  28:Drivers/CMSIS/Include/cmsis_gcc.h **** /* ignore some GCC warnings */
  29:Drivers/CMSIS/Include/cmsis_gcc.h **** #pragma GCC diagnostic push
  30:Drivers/CMSIS/Include/cmsis_gcc.h **** #pragma GCC diagnostic ignored "-Wsign-conversion"
  31:Drivers/CMSIS/Include/cmsis_gcc.h **** #pragma GCC diagnostic ignored "-Wconversion"
  32:Drivers/CMSIS/Include/cmsis_gcc.h **** #pragma GCC diagnostic ignored "-Wunused-parameter"
  33:Drivers/CMSIS/Include/cmsis_gcc.h **** 
  34:Drivers/CMSIS/Include/cmsis_gcc.h **** /* Fallback for __has_builtin */
  35:Drivers/CMSIS/Include/cmsis_gcc.h **** #ifndef __has_builtin
  36:Drivers/CMSIS/Include/cmsis_gcc.h ****   #define __has_builtin(x) (0)
  37:Drivers/CMSIS/Include/cmsis_gcc.h **** #endif
  38:Drivers/CMSIS/Include/cmsis_gcc.h **** 
  39:Drivers/CMSIS/Include/cmsis_gcc.h **** /* CMSIS compiler specific defines */
  40:Drivers/CMSIS/Include/cmsis_gcc.h **** #ifndef   __ASM
  41:Drivers/CMSIS/Include/cmsis_gcc.h ****   #define __ASM                                  __asm
  42:Drivers/CMSIS/Include/cmsis_gcc.h **** #endif
  43:Drivers/CMSIS/Include/cmsis_gcc.h **** #ifndef   __INLINE
  44:Drivers/CMSIS/Include/cmsis_gcc.h ****   #define __INLINE                               inline
  45:Drivers/CMSIS/Include/cmsis_gcc.h **** #endif
  46:Drivers/CMSIS/Include/cmsis_gcc.h **** #ifndef   __STATIC_INLINE
  47:Drivers/CMSIS/Include/cmsis_gcc.h ****   #define __STATIC_INLINE                        static inline
  48:Drivers/CMSIS/Include/cmsis_gcc.h **** #endif
  49:Drivers/CMSIS/Include/cmsis_gcc.h **** #ifndef   __STATIC_FORCEINLINE                 
  50:Drivers/CMSIS/Include/cmsis_gcc.h ****   #define __STATIC_FORCEINLINE                   __attribute__((always_inline)) static inline
  51:Drivers/CMSIS/Include/cmsis_gcc.h **** #endif                                           
  52:Drivers/CMSIS/Include/cmsis_gcc.h **** #ifndef   __NO_RETURN
  53:Drivers/CMSIS/Include/cmsis_gcc.h ****   #define __NO_RETURN                            __attribute__((__noreturn__))
  54:Drivers/CMSIS/Include/cmsis_gcc.h **** #endif
  55:Drivers/CMSIS/Include/cmsis_gcc.h **** #ifndef   __USED
  56:Drivers/CMSIS/Include/cmsis_gcc.h ****   #define __USED                                 __attribute__((used))
  57:Drivers/CMSIS/Include/cmsis_gcc.h **** #endif
  58:Drivers/CMSIS/Include/cmsis_gcc.h **** #ifndef   __WEAK
  59:Drivers/CMSIS/Include/cmsis_gcc.h ****   #define __WEAK                                 __attribute__((weak))
  60:Drivers/CMSIS/Include/cmsis_gcc.h **** #endif
  61:Drivers/CMSIS/Include/cmsis_gcc.h **** #ifndef   __PACKED
  62:Drivers/CMSIS/Include/cmsis_gcc.h ****   #define __PACKED                               __attribute__((packed, aligned(1)))
  63:Drivers/CMSIS/Include/cmsis_gcc.h **** #endif
  64:Drivers/CMSIS/Include/cmsis_gcc.h **** #ifndef   __PACKED_STRUCT
  65:Drivers/CMSIS/Include/cmsis_gcc.h ****   #define __PACKED_STRUCT                        struct __attribute__((packed, aligned(1)))
  66:Drivers/CMSIS/Include/cmsis_gcc.h **** #endif
  67:Drivers/CMSIS/Include/cmsis_gcc.h **** #ifndef   __PACKED_UNION
  68:Drivers/CMSIS/Include/cmsis_gcc.h ****   #define __PACKED_UNION                         union __attribute__((packed, aligned(1)))
  69:Drivers/CMSIS/Include/cmsis_gcc.h **** #endif
  70:Drivers/CMSIS/Include/cmsis_gcc.h **** #ifndef   __UNALIGNED_UINT32        /* deprecated */
  71:Drivers/CMSIS/Include/cmsis_gcc.h ****   #pragma GCC diagnostic push
  72:Drivers/CMSIS/Include/cmsis_gcc.h ****   #pragma GCC diagnostic ignored "-Wpacked"
  73:Drivers/CMSIS/Include/cmsis_gcc.h ****   #pragma GCC diagnostic ignored "-Wattributes"
  74:Drivers/CMSIS/Include/cmsis_gcc.h ****   struct __attribute__((packed)) T_UINT32 { uint32_t v; };
  75:Drivers/CMSIS/Include/cmsis_gcc.h ****   #pragma GCC diagnostic pop
  76:Drivers/CMSIS/Include/cmsis_gcc.h ****   #define __UNALIGNED_UINT32(x)                  (((struct T_UINT32 *)(x))->v)
  77:Drivers/CMSIS/Include/cmsis_gcc.h **** #endif
ARM GAS  /tmp/ccC4I8AL.s 			page 6


  78:Drivers/CMSIS/Include/cmsis_gcc.h **** #ifndef   __UNALIGNED_UINT16_WRITE
  79:Drivers/CMSIS/Include/cmsis_gcc.h ****   #pragma GCC diagnostic push
  80:Drivers/CMSIS/Include/cmsis_gcc.h ****   #pragma GCC diagnostic ignored "-Wpacked"
  81:Drivers/CMSIS/Include/cmsis_gcc.h ****   #pragma GCC diagnostic ignored "-Wattributes"
  82:Drivers/CMSIS/Include/cmsis_gcc.h ****   __PACKED_STRUCT T_UINT16_WRITE { uint16_t v; };
  83:Drivers/CMSIS/Include/cmsis_gcc.h ****   #pragma GCC diagnostic pop
  84:Drivers/CMSIS/Include/cmsis_gcc.h ****   #define __UNALIGNED_UINT16_WRITE(addr, val)    (void)((((struct T_UINT16_WRITE *)(void *)(addr))-
  85:Drivers/CMSIS/Include/cmsis_gcc.h **** #endif
  86:Drivers/CMSIS/Include/cmsis_gcc.h **** #ifndef   __UNALIGNED_UINT16_READ
  87:Drivers/CMSIS/Include/cmsis_gcc.h ****   #pragma GCC diagnostic push
  88:Drivers/CMSIS/Include/cmsis_gcc.h ****   #pragma GCC diagnostic ignored "-Wpacked"
  89:Drivers/CMSIS/Include/cmsis_gcc.h ****   #pragma GCC diagnostic ignored "-Wattributes"
  90:Drivers/CMSIS/Include/cmsis_gcc.h ****   __PACKED_STRUCT T_UINT16_READ { uint16_t v; };
  91:Drivers/CMSIS/Include/cmsis_gcc.h ****   #pragma GCC diagnostic pop
  92:Drivers/CMSIS/Include/cmsis_gcc.h ****   #define __UNALIGNED_UINT16_READ(addr)          (((const struct T_UINT16_READ *)(const void *)(add
  93:Drivers/CMSIS/Include/cmsis_gcc.h **** #endif
  94:Drivers/CMSIS/Include/cmsis_gcc.h **** #ifndef   __UNALIGNED_UINT32_WRITE
  95:Drivers/CMSIS/Include/cmsis_gcc.h ****   #pragma GCC diagnostic push
  96:Drivers/CMSIS/Include/cmsis_gcc.h ****   #pragma GCC diagnostic ignored "-Wpacked"
  97:Drivers/CMSIS/Include/cmsis_gcc.h ****   #pragma GCC diagnostic ignored "-Wattributes"
  98:Drivers/CMSIS/Include/cmsis_gcc.h ****   __PACKED_STRUCT T_UINT32_WRITE { uint32_t v; };
  99:Drivers/CMSIS/Include/cmsis_gcc.h ****   #pragma GCC diagnostic pop
 100:Drivers/CMSIS/Include/cmsis_gcc.h ****   #define __UNALIGNED_UINT32_WRITE(addr, val)    (void)((((struct T_UINT32_WRITE *)(void *)(addr))-
 101:Drivers/CMSIS/Include/cmsis_gcc.h **** #endif
 102:Drivers/CMSIS/Include/cmsis_gcc.h **** #ifndef   __UNALIGNED_UINT32_READ
 103:Drivers/CMSIS/Include/cmsis_gcc.h ****   #pragma GCC diagnostic push
 104:Drivers/CMSIS/Include/cmsis_gcc.h ****   #pragma GCC diagnostic ignored "-Wpacked"
 105:Drivers/CMSIS/Include/cmsis_gcc.h ****   #pragma GCC diagnostic ignored "-Wattributes"
 106:Drivers/CMSIS/Include/cmsis_gcc.h ****   __PACKED_STRUCT T_UINT32_READ { uint32_t v; };
 107:Drivers/CMSIS/Include/cmsis_gcc.h ****   #pragma GCC diagnostic pop
 108:Drivers/CMSIS/Include/cmsis_gcc.h ****   #define __UNALIGNED_UINT32_READ(addr)          (((const struct T_UINT32_READ *)(const void *)(add
 109:Drivers/CMSIS/Include/cmsis_gcc.h **** #endif
 110:Drivers/CMSIS/Include/cmsis_gcc.h **** #ifndef   __ALIGNED
 111:Drivers/CMSIS/Include/cmsis_gcc.h ****   #define __ALIGNED(x)                           __attribute__((aligned(x)))
 112:Drivers/CMSIS/Include/cmsis_gcc.h **** #endif
 113:Drivers/CMSIS/Include/cmsis_gcc.h **** #ifndef   __RESTRICT
 114:Drivers/CMSIS/Include/cmsis_gcc.h ****   #define __RESTRICT                             __restrict
 115:Drivers/CMSIS/Include/cmsis_gcc.h **** #endif
 116:Drivers/CMSIS/Include/cmsis_gcc.h **** 
 117:Drivers/CMSIS/Include/cmsis_gcc.h **** 
 118:Drivers/CMSIS/Include/cmsis_gcc.h **** /* ###########################  Core Function Access  ########################### */
 119:Drivers/CMSIS/Include/cmsis_gcc.h **** /** \ingroup  CMSIS_Core_FunctionInterface
 120:Drivers/CMSIS/Include/cmsis_gcc.h ****     \defgroup CMSIS_Core_RegAccFunctions CMSIS Core Register Access Functions
 121:Drivers/CMSIS/Include/cmsis_gcc.h ****   @{
 122:Drivers/CMSIS/Include/cmsis_gcc.h ****  */
 123:Drivers/CMSIS/Include/cmsis_gcc.h **** 
 124:Drivers/CMSIS/Include/cmsis_gcc.h **** /**
 125:Drivers/CMSIS/Include/cmsis_gcc.h ****   \brief   Enable IRQ Interrupts
 126:Drivers/CMSIS/Include/cmsis_gcc.h ****   \details Enables IRQ interrupts by clearing the I-bit in the CPSR.
 127:Drivers/CMSIS/Include/cmsis_gcc.h ****            Can only be executed in Privileged modes.
 128:Drivers/CMSIS/Include/cmsis_gcc.h ****  */
 129:Drivers/CMSIS/Include/cmsis_gcc.h **** __STATIC_FORCEINLINE void __enable_irq(void)
 130:Drivers/CMSIS/Include/cmsis_gcc.h **** {
 131:Drivers/CMSIS/Include/cmsis_gcc.h ****   __ASM volatile ("cpsie i" : : : "memory");
 132:Drivers/CMSIS/Include/cmsis_gcc.h **** }
 133:Drivers/CMSIS/Include/cmsis_gcc.h **** 
 134:Drivers/CMSIS/Include/cmsis_gcc.h **** 
ARM GAS  /tmp/ccC4I8AL.s 			page 7


 135:Drivers/CMSIS/Include/cmsis_gcc.h **** /**
 136:Drivers/CMSIS/Include/cmsis_gcc.h ****   \brief   Disable IRQ Interrupts
 137:Drivers/CMSIS/Include/cmsis_gcc.h ****   \details Disables IRQ interrupts by setting the I-bit in the CPSR.
 138:Drivers/CMSIS/Include/cmsis_gcc.h ****            Can only be executed in Privileged modes.
 139:Drivers/CMSIS/Include/cmsis_gcc.h ****  */
 140:Drivers/CMSIS/Include/cmsis_gcc.h **** __STATIC_FORCEINLINE void __disable_irq(void)
  39              		.loc 2 140 27 view .LVU2
  40              	.LBB5:
 141:Drivers/CMSIS/Include/cmsis_gcc.h **** {
 142:Drivers/CMSIS/Include/cmsis_gcc.h ****   __ASM volatile ("cpsid i" : : : "memory");
  41              		.loc 2 142 3 view .LVU3
  42              		.syntax unified
  43              	@ 142 "Drivers/CMSIS/Include/cmsis_gcc.h" 1
  44 0000 72B6     		cpsid i
  45              	@ 0 "" 2
  46              		.thumb
  47              		.syntax unified
  48              	.L2:
  49              	.LBE5:
  50              	.LBE4:
 172:Core/Src/main.c ****   while (1)
  51              		.loc 1 172 3 discriminator 1 view .LVU4
 173:Core/Src/main.c ****   {
 174:Core/Src/main.c ****   }
  52              		.loc 1 174 3 discriminator 1 view .LVU5
 172:Core/Src/main.c ****   while (1)
  53              		.loc 1 172 9 discriminator 1 view .LVU6
  54 0002 FEE7     		b	.L2
  55              		.cfi_endproc
  56              	.LFE136:
  58              		.section	.text.SystemClock_Config,"ax",%progbits
  59              		.align	1
  60              		.global	SystemClock_Config
  61              		.syntax unified
  62              		.thumb
  63              		.thumb_func
  64              		.fpu fpv4-sp-d16
  66              	SystemClock_Config:
  67              	.LFB135:
 125:Core/Src/main.c ****   RCC_OscInitTypeDef RCC_OscInitStruct = {0};
  68              		.loc 1 125 1 view -0
  69              		.cfi_startproc
  70              		@ args = 0, pretend = 0, frame = 80
  71              		@ frame_needed = 0, uses_anonymous_args = 0
  72 0000 00B5     		push	{lr}
  73              	.LCFI0:
  74              		.cfi_def_cfa_offset 4
  75              		.cfi_offset 14, -4
  76 0002 95B0     		sub	sp, sp, #84
  77              	.LCFI1:
  78              		.cfi_def_cfa_offset 88
 126:Core/Src/main.c ****   RCC_ClkInitTypeDef RCC_ClkInitStruct = {0};
  79              		.loc 1 126 3 view .LVU8
 126:Core/Src/main.c ****   RCC_ClkInitTypeDef RCC_ClkInitStruct = {0};
  80              		.loc 1 126 22 is_stmt 0 view .LVU9
  81 0004 3422     		movs	r2, #52
  82 0006 0021     		movs	r1, #0
ARM GAS  /tmp/ccC4I8AL.s 			page 8


  83 0008 07A8     		add	r0, sp, #28
  84 000a FFF7FEFF 		bl	memset
  85              	.LVL0:
 127:Core/Src/main.c **** 
  86              		.loc 1 127 3 is_stmt 1 view .LVU10
 127:Core/Src/main.c **** 
  87              		.loc 1 127 22 is_stmt 0 view .LVU11
  88 000e 0023     		movs	r3, #0
  89 0010 0293     		str	r3, [sp, #8]
  90 0012 0393     		str	r3, [sp, #12]
  91 0014 0493     		str	r3, [sp, #16]
  92 0016 0593     		str	r3, [sp, #20]
  93 0018 0693     		str	r3, [sp, #24]
 131:Core/Src/main.c ****   __HAL_PWR_VOLTAGESCALING_CONFIG(PWR_REGULATOR_VOLTAGE_SCALE3);
  94              		.loc 1 131 3 is_stmt 1 view .LVU12
  95              	.LBB6:
 131:Core/Src/main.c ****   __HAL_PWR_VOLTAGESCALING_CONFIG(PWR_REGULATOR_VOLTAGE_SCALE3);
  96              		.loc 1 131 3 view .LVU13
  97 001a 0093     		str	r3, [sp]
 131:Core/Src/main.c ****   __HAL_PWR_VOLTAGESCALING_CONFIG(PWR_REGULATOR_VOLTAGE_SCALE3);
  98              		.loc 1 131 3 view .LVU14
  99 001c 194A     		ldr	r2, .L9
 100 001e 116C     		ldr	r1, [r2, #64]
 101 0020 41F08051 		orr	r1, r1, #268435456
 102 0024 1164     		str	r1, [r2, #64]
 131:Core/Src/main.c ****   __HAL_PWR_VOLTAGESCALING_CONFIG(PWR_REGULATOR_VOLTAGE_SCALE3);
 103              		.loc 1 131 3 view .LVU15
 104 0026 126C     		ldr	r2, [r2, #64]
 105 0028 02F08052 		and	r2, r2, #268435456
 106 002c 0092     		str	r2, [sp]
 131:Core/Src/main.c ****   __HAL_PWR_VOLTAGESCALING_CONFIG(PWR_REGULATOR_VOLTAGE_SCALE3);
 107              		.loc 1 131 3 view .LVU16
 108 002e 009A     		ldr	r2, [sp]
 109              	.LBE6:
 131:Core/Src/main.c ****   __HAL_PWR_VOLTAGESCALING_CONFIG(PWR_REGULATOR_VOLTAGE_SCALE3);
 110              		.loc 1 131 3 view .LVU17
 132:Core/Src/main.c ****   /** Initializes the RCC Oscillators according to the specified parameters
 111              		.loc 1 132 3 view .LVU18
 112              	.LBB7:
 132:Core/Src/main.c ****   /** Initializes the RCC Oscillators according to the specified parameters
 113              		.loc 1 132 3 view .LVU19
 114 0030 0193     		str	r3, [sp, #4]
 132:Core/Src/main.c ****   /** Initializes the RCC Oscillators according to the specified parameters
 115              		.loc 1 132 3 view .LVU20
 116 0032 1549     		ldr	r1, .L9+4
 117 0034 0A68     		ldr	r2, [r1]
 118 0036 22F44042 		bic	r2, r2, #49152
 119 003a 42F48042 		orr	r2, r2, #16384
 120 003e 0A60     		str	r2, [r1]
 132:Core/Src/main.c ****   /** Initializes the RCC Oscillators according to the specified parameters
 121              		.loc 1 132 3 view .LVU21
 122 0040 0A68     		ldr	r2, [r1]
 123 0042 02F44042 		and	r2, r2, #49152
 124 0046 0192     		str	r2, [sp, #4]
 132:Core/Src/main.c ****   /** Initializes the RCC Oscillators according to the specified parameters
 125              		.loc 1 132 3 view .LVU22
 126 0048 019A     		ldr	r2, [sp, #4]
ARM GAS  /tmp/ccC4I8AL.s 			page 9


 127              	.LBE7:
 132:Core/Src/main.c ****   /** Initializes the RCC Oscillators according to the specified parameters
 128              		.loc 1 132 3 view .LVU23
 136:Core/Src/main.c ****   RCC_OscInitStruct.HSIState = RCC_HSI_ON;
 129              		.loc 1 136 3 view .LVU24
 136:Core/Src/main.c ****   RCC_OscInitStruct.HSIState = RCC_HSI_ON;
 130              		.loc 1 136 36 is_stmt 0 view .LVU25
 131 004a 0222     		movs	r2, #2
 132 004c 0792     		str	r2, [sp, #28]
 137:Core/Src/main.c ****   RCC_OscInitStruct.HSICalibrationValue = RCC_HSICALIBRATION_DEFAULT;
 133              		.loc 1 137 3 is_stmt 1 view .LVU26
 137:Core/Src/main.c ****   RCC_OscInitStruct.HSICalibrationValue = RCC_HSICALIBRATION_DEFAULT;
 134              		.loc 1 137 30 is_stmt 0 view .LVU27
 135 004e 0122     		movs	r2, #1
 136 0050 0A92     		str	r2, [sp, #40]
 138:Core/Src/main.c ****   RCC_OscInitStruct.PLL.PLLState = RCC_PLL_NONE;
 137              		.loc 1 138 3 is_stmt 1 view .LVU28
 138:Core/Src/main.c ****   RCC_OscInitStruct.PLL.PLLState = RCC_PLL_NONE;
 138              		.loc 1 138 41 is_stmt 0 view .LVU29
 139 0052 1022     		movs	r2, #16
 140 0054 0B92     		str	r2, [sp, #44]
 139:Core/Src/main.c ****   if (HAL_RCC_OscConfig(&RCC_OscInitStruct) != HAL_OK)
 141              		.loc 1 139 3 is_stmt 1 view .LVU30
 139:Core/Src/main.c ****   if (HAL_RCC_OscConfig(&RCC_OscInitStruct) != HAL_OK)
 142              		.loc 1 139 34 is_stmt 0 view .LVU31
 143 0056 0D93     		str	r3, [sp, #52]
 140:Core/Src/main.c ****   {
 144              		.loc 1 140 3 is_stmt 1 view .LVU32
 140:Core/Src/main.c ****   {
 145              		.loc 1 140 7 is_stmt 0 view .LVU33
 146 0058 07A8     		add	r0, sp, #28
 147 005a FFF7FEFF 		bl	HAL_RCC_OscConfig
 148              	.LVL1:
 140:Core/Src/main.c ****   {
 149              		.loc 1 140 6 view .LVU34
 150 005e 68B9     		cbnz	r0, .L7
 146:Core/Src/main.c ****                               |RCC_CLOCKTYPE_PCLK1|RCC_CLOCKTYPE_PCLK2;
 151              		.loc 1 146 3 is_stmt 1 view .LVU35
 146:Core/Src/main.c ****                               |RCC_CLOCKTYPE_PCLK1|RCC_CLOCKTYPE_PCLK2;
 152              		.loc 1 146 31 is_stmt 0 view .LVU36
 153 0060 0F23     		movs	r3, #15
 154 0062 0293     		str	r3, [sp, #8]
 148:Core/Src/main.c ****   RCC_ClkInitStruct.AHBCLKDivider = RCC_SYSCLK_DIV1;
 155              		.loc 1 148 3 is_stmt 1 view .LVU37
 148:Core/Src/main.c ****   RCC_ClkInitStruct.AHBCLKDivider = RCC_SYSCLK_DIV1;
 156              		.loc 1 148 34 is_stmt 0 view .LVU38
 157 0064 0021     		movs	r1, #0
 158 0066 0391     		str	r1, [sp, #12]
 149:Core/Src/main.c ****   RCC_ClkInitStruct.APB1CLKDivider = RCC_HCLK_DIV1;
 159              		.loc 1 149 3 is_stmt 1 view .LVU39
 149:Core/Src/main.c ****   RCC_ClkInitStruct.APB1CLKDivider = RCC_HCLK_DIV1;
 160              		.loc 1 149 35 is_stmt 0 view .LVU40
 161 0068 0491     		str	r1, [sp, #16]
 150:Core/Src/main.c ****   RCC_ClkInitStruct.APB2CLKDivider = RCC_HCLK_DIV1;
 162              		.loc 1 150 3 is_stmt 1 view .LVU41
 150:Core/Src/main.c ****   RCC_ClkInitStruct.APB2CLKDivider = RCC_HCLK_DIV1;
 163              		.loc 1 150 36 is_stmt 0 view .LVU42
ARM GAS  /tmp/ccC4I8AL.s 			page 10


 164 006a 0591     		str	r1, [sp, #20]
 151:Core/Src/main.c **** 
 165              		.loc 1 151 3 is_stmt 1 view .LVU43
 151:Core/Src/main.c **** 
 166              		.loc 1 151 36 is_stmt 0 view .LVU44
 167 006c 0691     		str	r1, [sp, #24]
 153:Core/Src/main.c ****   {
 168              		.loc 1 153 3 is_stmt 1 view .LVU45
 153:Core/Src/main.c ****   {
 169              		.loc 1 153 7 is_stmt 0 view .LVU46
 170 006e 02A8     		add	r0, sp, #8
 171 0070 FFF7FEFF 		bl	HAL_RCC_ClockConfig
 172              	.LVL2:
 153:Core/Src/main.c ****   {
 173              		.loc 1 153 6 view .LVU47
 174 0074 20B9     		cbnz	r0, .L8
 157:Core/Src/main.c **** 
 175              		.loc 1 157 1 view .LVU48
 176 0076 15B0     		add	sp, sp, #84
 177              	.LCFI2:
 178              		.cfi_remember_state
 179              		.cfi_def_cfa_offset 4
 180              		@ sp needed
 181 0078 5DF804FB 		ldr	pc, [sp], #4
 182              	.L7:
 183              	.LCFI3:
 184              		.cfi_restore_state
 142:Core/Src/main.c ****   }
 185              		.loc 1 142 5 is_stmt 1 view .LVU49
 186 007c FFF7FEFF 		bl	Error_Handler
 187              	.LVL3:
 188              	.L8:
 155:Core/Src/main.c ****   }
 189              		.loc 1 155 5 view .LVU50
 190 0080 FFF7FEFF 		bl	Error_Handler
 191              	.LVL4:
 192              	.L10:
 193              		.align	2
 194              	.L9:
 195 0084 00380240 		.word	1073887232
 196 0088 00700040 		.word	1073770496
 197              		.cfi_endproc
 198              	.LFE135:
 200              		.section	.text.main,"ax",%progbits
 201              		.align	1
 202              		.global	main
 203              		.syntax unified
 204              		.thumb
 205              		.thumb_func
 206              		.fpu fpv4-sp-d16
 208              	main:
 209              	.LFB134:
  70:Core/Src/main.c ****   /* USER CODE BEGIN 1 */
 210              		.loc 1 70 1 view -0
 211              		.cfi_startproc
 212              		@ Volatile: function does not return.
 213              		@ args = 0, pretend = 0, frame = 0
ARM GAS  /tmp/ccC4I8AL.s 			page 11


 214              		@ frame_needed = 0, uses_anonymous_args = 0
 215 0000 08B5     		push	{r3, lr}
 216              	.LCFI4:
 217              		.cfi_def_cfa_offset 8
 218              		.cfi_offset 3, -8
 219              		.cfi_offset 14, -4
  78:Core/Src/main.c **** 
 220              		.loc 1 78 3 view .LVU52
 221 0002 FFF7FEFF 		bl	HAL_Init
 222              	.LVL5:
  85:Core/Src/main.c **** 
 223              		.loc 1 85 3 view .LVU53
 224 0006 FFF7FEFF 		bl	SystemClock_Config
 225              	.LVL6:
  92:Core/Src/main.c ****   MX_USART2_UART_Init();
 226              		.loc 1 92 3 view .LVU54
 227 000a FFF7FEFF 		bl	MX_GPIO_Init
 228              	.LVL7:
  93:Core/Src/main.c ****   MX_CAN2_Init();
 229              		.loc 1 93 3 view .LVU55
 230 000e FFF7FEFF 		bl	MX_USART2_UART_Init
 231              	.LVL8:
  94:Core/Src/main.c ****   MX_TIM3_Init();
 232              		.loc 1 94 3 view .LVU56
 233 0012 FFF7FEFF 		bl	MX_CAN2_Init
 234              	.LVL9:
  95:Core/Src/main.c ****   MX_TIM4_Init();
 235              		.loc 1 95 3 view .LVU57
 236 0016 FFF7FEFF 		bl	MX_TIM3_Init
 237              	.LVL10:
  96:Core/Src/main.c ****   MX_TIM12_Init();
 238              		.loc 1 96 3 view .LVU58
 239 001a FFF7FEFF 		bl	MX_TIM4_Init
 240              	.LVL11:
  97:Core/Src/main.c ****   /* USER CODE BEGIN 2 */
 241              		.loc 1 97 3 view .LVU59
 242 001e FFF7FEFF 		bl	MX_TIM12_Init
 243              	.LVL12:
 103:Core/Src/main.c ****   MX_FREERTOS_Init();
 244              		.loc 1 103 3 view .LVU60
 245 0022 FFF7FEFF 		bl	osKernelInitialize
 246              	.LVL13:
 104:Core/Src/main.c ****   /* Start scheduler */
 247              		.loc 1 104 3 view .LVU61
 248 0026 FFF7FEFF 		bl	MX_FREERTOS_Init
 249              	.LVL14:
 106:Core/Src/main.c **** 
 250              		.loc 1 106 3 view .LVU62
 251 002a FFF7FEFF 		bl	osKernelStart
 252              	.LVL15:
 253              	.L12:
 111:Core/Src/main.c ****   {
 254              		.loc 1 111 3 discriminator 1 view .LVU63
 116:Core/Src/main.c ****   /* USER CODE END 3 */
 255              		.loc 1 116 3 discriminator 1 view .LVU64
 111:Core/Src/main.c ****   {
 256              		.loc 1 111 9 discriminator 1 view .LVU65
ARM GAS  /tmp/ccC4I8AL.s 			page 12


 257 002e FEE7     		b	.L12
 258              		.cfi_endproc
 259              	.LFE134:
 261              		.text
 262              	.Letext0:
 263              		.file 3 "/usr/arm-none-eabi/include/machine/_default_types.h"
 264              		.file 4 "/usr/arm-none-eabi/include/sys/_stdint.h"
 265              		.file 5 "Drivers/CMSIS/Include/core_cm4.h"
 266              		.file 6 "Drivers/CMSIS/Device/ST/STM32F4xx/Include/system_stm32f4xx.h"
 267              		.file 7 "Drivers/CMSIS/Device/ST/STM32F4xx/Include/stm32f446xx.h"
 268              		.file 8 "Drivers/CMSIS/Device/ST/STM32F4xx/Include/stm32f4xx.h"
 269              		.file 9 "Drivers/STM32F4xx_HAL_Driver/Inc/stm32f4xx_hal_def.h"
 270              		.file 10 "Drivers/STM32F4xx_HAL_Driver/Inc/stm32f4xx_hal_rcc_ex.h"
 271              		.file 11 "Drivers/STM32F4xx_HAL_Driver/Inc/stm32f4xx_hal_rcc.h"
 272              		.file 12 "Drivers/STM32F4xx_HAL_Driver/Inc/stm32f4xx_hal_dma.h"
 273              		.file 13 "Drivers/STM32F4xx_HAL_Driver/Inc/stm32f4xx_hal_can.h"
 274              		.file 14 "Drivers/STM32F4xx_HAL_Driver/Inc/stm32f4xx_hal_tim.h"
 275              		.file 15 "Drivers/STM32F4xx_HAL_Driver/Inc/stm32f4xx_hal_uart.h"
 276              		.file 16 "Drivers/STM32F4xx_HAL_Driver/Inc/stm32f4xx_hal.h"
 277              		.file 17 "Core/Inc/can.h"
 278              		.file 18 "Core/Inc/tim.h"
 279              		.file 19 "Core/Inc/usart.h"
 280              		.file 20 "Core/Inc/gpio.h"
 281              		.file 21 "Middlewares/Third_Party/FreeRTOS/Source/CMSIS_RTOS_V2/cmsis_os2.h"
 282              		.file 22 "<built-in>"
ARM GAS  /tmp/ccC4I8AL.s 			page 13


DEFINED SYMBOLS
                            *ABS*:0000000000000000 main.c
     /tmp/ccC4I8AL.s:18     .text.Error_Handler:0000000000000000 $t
     /tmp/ccC4I8AL.s:26     .text.Error_Handler:0000000000000000 Error_Handler
     /tmp/ccC4I8AL.s:59     .text.SystemClock_Config:0000000000000000 $t
     /tmp/ccC4I8AL.s:66     .text.SystemClock_Config:0000000000000000 SystemClock_Config
     /tmp/ccC4I8AL.s:195    .text.SystemClock_Config:0000000000000084 $d
     /tmp/ccC4I8AL.s:201    .text.main:0000000000000000 $t
     /tmp/ccC4I8AL.s:208    .text.main:0000000000000000 main

UNDEFINED SYMBOLS
memset
HAL_RCC_OscConfig
HAL_RCC_ClockConfig
HAL_Init
MX_GPIO_Init
MX_USART2_UART_Init
MX_CAN2_Init
MX_TIM3_Init
MX_TIM4_Init
MX_TIM12_Init
osKernelInitialize
MX_FREERTOS_Init
osKernelStart
