ARM GAS  /tmp/ccdvMjAW.s 			page 1


   1              		.cpu cortex-m4
   2              		.eabi_attribute 27, 1
   3              		.eabi_attribute 28, 1
   4              		.eabi_attribute 20, 1
   5              		.eabi_attribute 21, 1
   6              		.eabi_attribute 23, 3
   7              		.eabi_attribute 24, 1
   8              		.eabi_attribute 25, 1
   9              		.eabi_attribute 26, 1
  10              		.eabi_attribute 30, 1
  11              		.eabi_attribute 34, 1
  12              		.eabi_attribute 18, 4
  13              		.file	"usart.c"
  14              		.text
  15              	.Ltext0:
  16              		.cfi_sections	.debug_frame
  17              		.section	.text.MX_USART2_UART_Init,"ax",%progbits
  18              		.align	1
  19              		.global	MX_USART2_UART_Init
  20              		.arch armv7e-m
  21              		.syntax unified
  22              		.thumb
  23              		.thumb_func
  24              		.fpu fpv4-sp-d16
  26              	MX_USART2_UART_Init:
  27              	.LFB130:
  28              		.file 1 "Core/Src/usart.c"
   1:Core/Src/usart.c **** /**
   2:Core/Src/usart.c ****   ******************************************************************************
   3:Core/Src/usart.c ****   * @file    usart.c
   4:Core/Src/usart.c ****   * @brief   This file provides code for the configuration
   5:Core/Src/usart.c ****   *          of the USART instances.
   6:Core/Src/usart.c ****   ******************************************************************************
   7:Core/Src/usart.c ****   * @attention
   8:Core/Src/usart.c ****   *
   9:Core/Src/usart.c ****   * <h2><center>&copy; Copyright (c) 2021 STMicroelectronics.
  10:Core/Src/usart.c ****   * All rights reserved.</center></h2>
  11:Core/Src/usart.c ****   *
  12:Core/Src/usart.c ****   * This software component is licensed by ST under Ultimate Liberty license
  13:Core/Src/usart.c ****   * SLA0044, the "License"; You may not use this file except in compliance with
  14:Core/Src/usart.c ****   * the License. You may obtain a copy of the License at:
  15:Core/Src/usart.c ****   *                             www.st.com/SLA0044
  16:Core/Src/usart.c ****   *
  17:Core/Src/usart.c ****   ******************************************************************************
  18:Core/Src/usart.c ****   */
  19:Core/Src/usart.c **** 
  20:Core/Src/usart.c **** /* Includes ------------------------------------------------------------------*/
  21:Core/Src/usart.c **** #include "usart.h"
  22:Core/Src/usart.c **** 
  23:Core/Src/usart.c **** /* USER CODE BEGIN 0 */
  24:Core/Src/usart.c **** 
  25:Core/Src/usart.c **** /* USER CODE END 0 */
  26:Core/Src/usart.c **** 
  27:Core/Src/usart.c **** UART_HandleTypeDef huart2;
  28:Core/Src/usart.c **** 
  29:Core/Src/usart.c **** /* USART2 init function */
  30:Core/Src/usart.c **** 
ARM GAS  /tmp/ccdvMjAW.s 			page 2


  31:Core/Src/usart.c **** void MX_USART2_UART_Init(void)
  32:Core/Src/usart.c **** {
  29              		.loc 1 32 1 view -0
  30              		.cfi_startproc
  31              		@ args = 0, pretend = 0, frame = 0
  32              		@ frame_needed = 0, uses_anonymous_args = 0
  33 0000 08B5     		push	{r3, lr}
  34              	.LCFI0:
  35              		.cfi_def_cfa_offset 8
  36              		.cfi_offset 3, -8
  37              		.cfi_offset 14, -4
  33:Core/Src/usart.c **** 
  34:Core/Src/usart.c ****   huart2.Instance = USART2;
  38              		.loc 1 34 3 view .LVU1
  39              		.loc 1 34 19 is_stmt 0 view .LVU2
  40 0002 0A48     		ldr	r0, .L5
  41 0004 0A4B     		ldr	r3, .L5+4
  42 0006 0360     		str	r3, [r0]
  35:Core/Src/usart.c ****   huart2.Init.BaudRate = 9600;
  43              		.loc 1 35 3 is_stmt 1 view .LVU3
  44              		.loc 1 35 24 is_stmt 0 view .LVU4
  45 0008 4FF41653 		mov	r3, #9600
  46 000c 4360     		str	r3, [r0, #4]
  36:Core/Src/usart.c ****   huart2.Init.WordLength = UART_WORDLENGTH_8B;
  47              		.loc 1 36 3 is_stmt 1 view .LVU5
  48              		.loc 1 36 26 is_stmt 0 view .LVU6
  49 000e 0023     		movs	r3, #0
  50 0010 8360     		str	r3, [r0, #8]
  37:Core/Src/usart.c ****   huart2.Init.StopBits = UART_STOPBITS_1;
  51              		.loc 1 37 3 is_stmt 1 view .LVU7
  52              		.loc 1 37 24 is_stmt 0 view .LVU8
  53 0012 C360     		str	r3, [r0, #12]
  38:Core/Src/usart.c ****   huart2.Init.Parity = UART_PARITY_NONE;
  54              		.loc 1 38 3 is_stmt 1 view .LVU9
  55              		.loc 1 38 22 is_stmt 0 view .LVU10
  56 0014 0361     		str	r3, [r0, #16]
  39:Core/Src/usart.c ****   huart2.Init.Mode = UART_MODE_TX_RX;
  57              		.loc 1 39 3 is_stmt 1 view .LVU11
  58              		.loc 1 39 20 is_stmt 0 view .LVU12
  59 0016 0C22     		movs	r2, #12
  60 0018 4261     		str	r2, [r0, #20]
  40:Core/Src/usart.c ****   huart2.Init.HwFlowCtl = UART_HWCONTROL_NONE;
  61              		.loc 1 40 3 is_stmt 1 view .LVU13
  62              		.loc 1 40 25 is_stmt 0 view .LVU14
  63 001a 8361     		str	r3, [r0, #24]
  41:Core/Src/usart.c ****   huart2.Init.OverSampling = UART_OVERSAMPLING_16;
  64              		.loc 1 41 3 is_stmt 1 view .LVU15
  65              		.loc 1 41 28 is_stmt 0 view .LVU16
  66 001c C361     		str	r3, [r0, #28]
  42:Core/Src/usart.c ****   if (HAL_UART_Init(&huart2) != HAL_OK)
  67              		.loc 1 42 3 is_stmt 1 view .LVU17
  68              		.loc 1 42 7 is_stmt 0 view .LVU18
  69 001e FFF7FEFF 		bl	HAL_UART_Init
  70              	.LVL0:
  71              		.loc 1 42 6 view .LVU19
  72 0022 00B9     		cbnz	r0, .L4
  73              	.L1:
ARM GAS  /tmp/ccdvMjAW.s 			page 3


  43:Core/Src/usart.c ****   {
  44:Core/Src/usart.c ****     Error_Handler();
  45:Core/Src/usart.c ****   }
  46:Core/Src/usart.c **** 
  47:Core/Src/usart.c **** }
  74              		.loc 1 47 1 view .LVU20
  75 0024 08BD     		pop	{r3, pc}
  76              	.L4:
  44:Core/Src/usart.c ****   }
  77              		.loc 1 44 5 is_stmt 1 view .LVU21
  78 0026 FFF7FEFF 		bl	Error_Handler
  79              	.LVL1:
  80              		.loc 1 47 1 is_stmt 0 view .LVU22
  81 002a FBE7     		b	.L1
  82              	.L6:
  83              		.align	2
  84              	.L5:
  85 002c 00000000 		.word	huart2
  86 0030 00440040 		.word	1073759232
  87              		.cfi_endproc
  88              	.LFE130:
  90              		.section	.text.HAL_UART_MspInit,"ax",%progbits
  91              		.align	1
  92              		.global	HAL_UART_MspInit
  93              		.syntax unified
  94              		.thumb
  95              		.thumb_func
  96              		.fpu fpv4-sp-d16
  98              	HAL_UART_MspInit:
  99              	.LVL2:
 100              	.LFB131:
  48:Core/Src/usart.c **** 
  49:Core/Src/usart.c **** void HAL_UART_MspInit(UART_HandleTypeDef* uartHandle)
  50:Core/Src/usart.c **** {
 101              		.loc 1 50 1 is_stmt 1 view -0
 102              		.cfi_startproc
 103              		@ args = 0, pretend = 0, frame = 32
 104              		@ frame_needed = 0, uses_anonymous_args = 0
 105              		.loc 1 50 1 is_stmt 0 view .LVU24
 106 0000 00B5     		push	{lr}
 107              	.LCFI1:
 108              		.cfi_def_cfa_offset 4
 109              		.cfi_offset 14, -4
 110 0002 89B0     		sub	sp, sp, #36
 111              	.LCFI2:
 112              		.cfi_def_cfa_offset 40
  51:Core/Src/usart.c **** 
  52:Core/Src/usart.c ****   GPIO_InitTypeDef GPIO_InitStruct = {0};
 113              		.loc 1 52 3 is_stmt 1 view .LVU25
 114              		.loc 1 52 20 is_stmt 0 view .LVU26
 115 0004 0023     		movs	r3, #0
 116 0006 0393     		str	r3, [sp, #12]
 117 0008 0493     		str	r3, [sp, #16]
 118 000a 0593     		str	r3, [sp, #20]
 119 000c 0693     		str	r3, [sp, #24]
 120 000e 0793     		str	r3, [sp, #28]
  53:Core/Src/usart.c ****   if(uartHandle->Instance==USART2)
ARM GAS  /tmp/ccdvMjAW.s 			page 4


 121              		.loc 1 53 3 is_stmt 1 view .LVU27
 122              		.loc 1 53 16 is_stmt 0 view .LVU28
 123 0010 0268     		ldr	r2, [r0]
 124              		.loc 1 53 5 view .LVU29
 125 0012 154B     		ldr	r3, .L11
 126 0014 9A42     		cmp	r2, r3
 127 0016 02D0     		beq	.L10
 128              	.LVL3:
 129              	.L7:
  54:Core/Src/usart.c ****   {
  55:Core/Src/usart.c ****   /* USER CODE BEGIN USART2_MspInit 0 */
  56:Core/Src/usart.c **** 
  57:Core/Src/usart.c ****   /* USER CODE END USART2_MspInit 0 */
  58:Core/Src/usart.c ****     /* USART2 clock enable */
  59:Core/Src/usart.c ****     __HAL_RCC_USART2_CLK_ENABLE();
  60:Core/Src/usart.c **** 
  61:Core/Src/usart.c ****     __HAL_RCC_GPIOA_CLK_ENABLE();
  62:Core/Src/usart.c ****     /**USART2 GPIO Configuration
  63:Core/Src/usart.c ****     PA2     ------> USART2_TX
  64:Core/Src/usart.c ****     PA3     ------> USART2_RX
  65:Core/Src/usart.c ****     */
  66:Core/Src/usart.c ****     GPIO_InitStruct.Pin = GPIO_PIN_2|GPIO_PIN_3;
  67:Core/Src/usart.c ****     GPIO_InitStruct.Mode = GPIO_MODE_AF_PP;
  68:Core/Src/usart.c ****     GPIO_InitStruct.Pull = GPIO_NOPULL;
  69:Core/Src/usart.c ****     GPIO_InitStruct.Speed = GPIO_SPEED_FREQ_VERY_HIGH;
  70:Core/Src/usart.c ****     GPIO_InitStruct.Alternate = GPIO_AF7_USART2;
  71:Core/Src/usart.c ****     HAL_GPIO_Init(GPIOA, &GPIO_InitStruct);
  72:Core/Src/usart.c **** 
  73:Core/Src/usart.c ****   /* USER CODE BEGIN USART2_MspInit 1 */
  74:Core/Src/usart.c **** 
  75:Core/Src/usart.c ****   /* USER CODE END USART2_MspInit 1 */
  76:Core/Src/usart.c ****   }
  77:Core/Src/usart.c **** }
 130              		.loc 1 77 1 view .LVU30
 131 0018 09B0     		add	sp, sp, #36
 132              	.LCFI3:
 133              		.cfi_remember_state
 134              		.cfi_def_cfa_offset 4
 135              		@ sp needed
 136 001a 5DF804FB 		ldr	pc, [sp], #4
 137              	.LVL4:
 138              	.L10:
 139              	.LCFI4:
 140              		.cfi_restore_state
  59:Core/Src/usart.c **** 
 141              		.loc 1 59 5 is_stmt 1 view .LVU31
 142              	.LBB2:
  59:Core/Src/usart.c **** 
 143              		.loc 1 59 5 view .LVU32
 144 001e 0022     		movs	r2, #0
 145 0020 0192     		str	r2, [sp, #4]
  59:Core/Src/usart.c **** 
 146              		.loc 1 59 5 view .LVU33
 147 0022 03F5FA33 		add	r3, r3, #128000
 148 0026 196C     		ldr	r1, [r3, #64]
 149 0028 41F40031 		orr	r1, r1, #131072
 150 002c 1964     		str	r1, [r3, #64]
ARM GAS  /tmp/ccdvMjAW.s 			page 5


  59:Core/Src/usart.c **** 
 151              		.loc 1 59 5 view .LVU34
 152 002e 196C     		ldr	r1, [r3, #64]
 153 0030 01F40031 		and	r1, r1, #131072
 154 0034 0191     		str	r1, [sp, #4]
  59:Core/Src/usart.c **** 
 155              		.loc 1 59 5 view .LVU35
 156 0036 0199     		ldr	r1, [sp, #4]
 157              	.LBE2:
  59:Core/Src/usart.c **** 
 158              		.loc 1 59 5 view .LVU36
  61:Core/Src/usart.c ****     /**USART2 GPIO Configuration
 159              		.loc 1 61 5 view .LVU37
 160              	.LBB3:
  61:Core/Src/usart.c ****     /**USART2 GPIO Configuration
 161              		.loc 1 61 5 view .LVU38
 162 0038 0292     		str	r2, [sp, #8]
  61:Core/Src/usart.c ****     /**USART2 GPIO Configuration
 163              		.loc 1 61 5 view .LVU39
 164 003a 196B     		ldr	r1, [r3, #48]
 165 003c 41F00101 		orr	r1, r1, #1
 166 0040 1963     		str	r1, [r3, #48]
  61:Core/Src/usart.c ****     /**USART2 GPIO Configuration
 167              		.loc 1 61 5 view .LVU40
 168 0042 1B6B     		ldr	r3, [r3, #48]
 169 0044 03F00103 		and	r3, r3, #1
 170 0048 0293     		str	r3, [sp, #8]
  61:Core/Src/usart.c ****     /**USART2 GPIO Configuration
 171              		.loc 1 61 5 view .LVU41
 172 004a 029B     		ldr	r3, [sp, #8]
 173              	.LBE3:
  61:Core/Src/usart.c ****     /**USART2 GPIO Configuration
 174              		.loc 1 61 5 view .LVU42
  66:Core/Src/usart.c ****     GPIO_InitStruct.Mode = GPIO_MODE_AF_PP;
 175              		.loc 1 66 5 view .LVU43
  66:Core/Src/usart.c ****     GPIO_InitStruct.Mode = GPIO_MODE_AF_PP;
 176              		.loc 1 66 25 is_stmt 0 view .LVU44
 177 004c 0C23     		movs	r3, #12
 178 004e 0393     		str	r3, [sp, #12]
  67:Core/Src/usart.c ****     GPIO_InitStruct.Pull = GPIO_NOPULL;
 179              		.loc 1 67 5 is_stmt 1 view .LVU45
  67:Core/Src/usart.c ****     GPIO_InitStruct.Pull = GPIO_NOPULL;
 180              		.loc 1 67 26 is_stmt 0 view .LVU46
 181 0050 0223     		movs	r3, #2
 182 0052 0493     		str	r3, [sp, #16]
  68:Core/Src/usart.c ****     GPIO_InitStruct.Speed = GPIO_SPEED_FREQ_VERY_HIGH;
 183              		.loc 1 68 5 is_stmt 1 view .LVU47
  68:Core/Src/usart.c ****     GPIO_InitStruct.Speed = GPIO_SPEED_FREQ_VERY_HIGH;
 184              		.loc 1 68 26 is_stmt 0 view .LVU48
 185 0054 0592     		str	r2, [sp, #20]
  69:Core/Src/usart.c ****     GPIO_InitStruct.Alternate = GPIO_AF7_USART2;
 186              		.loc 1 69 5 is_stmt 1 view .LVU49
  69:Core/Src/usart.c ****     GPIO_InitStruct.Alternate = GPIO_AF7_USART2;
 187              		.loc 1 69 27 is_stmt 0 view .LVU50
 188 0056 0323     		movs	r3, #3
 189 0058 0693     		str	r3, [sp, #24]
  70:Core/Src/usart.c ****     HAL_GPIO_Init(GPIOA, &GPIO_InitStruct);
ARM GAS  /tmp/ccdvMjAW.s 			page 6


 190              		.loc 1 70 5 is_stmt 1 view .LVU51
  70:Core/Src/usart.c ****     HAL_GPIO_Init(GPIOA, &GPIO_InitStruct);
 191              		.loc 1 70 31 is_stmt 0 view .LVU52
 192 005a 0723     		movs	r3, #7
 193 005c 0793     		str	r3, [sp, #28]
  71:Core/Src/usart.c **** 
 194              		.loc 1 71 5 is_stmt 1 view .LVU53
 195 005e 03A9     		add	r1, sp, #12
 196 0060 0248     		ldr	r0, .L11+4
 197              	.LVL5:
  71:Core/Src/usart.c **** 
 198              		.loc 1 71 5 is_stmt 0 view .LVU54
 199 0062 FFF7FEFF 		bl	HAL_GPIO_Init
 200              	.LVL6:
 201              		.loc 1 77 1 view .LVU55
 202 0066 D7E7     		b	.L7
 203              	.L12:
 204              		.align	2
 205              	.L11:
 206 0068 00440040 		.word	1073759232
 207 006c 00000240 		.word	1073872896
 208              		.cfi_endproc
 209              	.LFE131:
 211              		.section	.text.HAL_UART_MspDeInit,"ax",%progbits
 212              		.align	1
 213              		.global	HAL_UART_MspDeInit
 214              		.syntax unified
 215              		.thumb
 216              		.thumb_func
 217              		.fpu fpv4-sp-d16
 219              	HAL_UART_MspDeInit:
 220              	.LVL7:
 221              	.LFB132:
  78:Core/Src/usart.c **** 
  79:Core/Src/usart.c **** void HAL_UART_MspDeInit(UART_HandleTypeDef* uartHandle)
  80:Core/Src/usart.c **** {
 222              		.loc 1 80 1 is_stmt 1 view -0
 223              		.cfi_startproc
 224              		@ args = 0, pretend = 0, frame = 0
 225              		@ frame_needed = 0, uses_anonymous_args = 0
 226              		.loc 1 80 1 is_stmt 0 view .LVU57
 227 0000 08B5     		push	{r3, lr}
 228              	.LCFI5:
 229              		.cfi_def_cfa_offset 8
 230              		.cfi_offset 3, -8
 231              		.cfi_offset 14, -4
  81:Core/Src/usart.c **** 
  82:Core/Src/usart.c ****   if(uartHandle->Instance==USART2)
 232              		.loc 1 82 3 is_stmt 1 view .LVU58
 233              		.loc 1 82 16 is_stmt 0 view .LVU59
 234 0002 0268     		ldr	r2, [r0]
 235              		.loc 1 82 5 view .LVU60
 236 0004 064B     		ldr	r3, .L17
 237 0006 9A42     		cmp	r2, r3
 238 0008 00D0     		beq	.L16
 239              	.LVL8:
 240              	.L13:
ARM GAS  /tmp/ccdvMjAW.s 			page 7


  83:Core/Src/usart.c ****   {
  84:Core/Src/usart.c ****   /* USER CODE BEGIN USART2_MspDeInit 0 */
  85:Core/Src/usart.c **** 
  86:Core/Src/usart.c ****   /* USER CODE END USART2_MspDeInit 0 */
  87:Core/Src/usart.c ****     /* Peripheral clock disable */
  88:Core/Src/usart.c ****     __HAL_RCC_USART2_CLK_DISABLE();
  89:Core/Src/usart.c **** 
  90:Core/Src/usart.c ****     /**USART2 GPIO Configuration
  91:Core/Src/usart.c ****     PA2     ------> USART2_TX
  92:Core/Src/usart.c ****     PA3     ------> USART2_RX
  93:Core/Src/usart.c ****     */
  94:Core/Src/usart.c ****     HAL_GPIO_DeInit(GPIOA, GPIO_PIN_2|GPIO_PIN_3);
  95:Core/Src/usart.c **** 
  96:Core/Src/usart.c ****   /* USER CODE BEGIN USART2_MspDeInit 1 */
  97:Core/Src/usart.c **** 
  98:Core/Src/usart.c ****   /* USER CODE END USART2_MspDeInit 1 */
  99:Core/Src/usart.c ****   }
 100:Core/Src/usart.c **** }
 241              		.loc 1 100 1 view .LVU61
 242 000a 08BD     		pop	{r3, pc}
 243              	.LVL9:
 244              	.L16:
  88:Core/Src/usart.c **** 
 245              		.loc 1 88 5 is_stmt 1 view .LVU62
 246 000c 054A     		ldr	r2, .L17+4
 247 000e 136C     		ldr	r3, [r2, #64]
 248 0010 23F40033 		bic	r3, r3, #131072
 249 0014 1364     		str	r3, [r2, #64]
  94:Core/Src/usart.c **** 
 250              		.loc 1 94 5 view .LVU63
 251 0016 0C21     		movs	r1, #12
 252 0018 0348     		ldr	r0, .L17+8
 253              	.LVL10:
  94:Core/Src/usart.c **** 
 254              		.loc 1 94 5 is_stmt 0 view .LVU64
 255 001a FFF7FEFF 		bl	HAL_GPIO_DeInit
 256              	.LVL11:
 257              		.loc 1 100 1 view .LVU65
 258 001e F4E7     		b	.L13
 259              	.L18:
 260              		.align	2
 261              	.L17:
 262 0020 00440040 		.word	1073759232
 263 0024 00380240 		.word	1073887232
 264 0028 00000240 		.word	1073872896
 265              		.cfi_endproc
 266              	.LFE132:
 268              		.comm	huart2,64,4
 269              		.text
 270              	.Letext0:
 271              		.file 2 "/usr/arm-none-eabi/include/machine/_default_types.h"
 272              		.file 3 "/usr/arm-none-eabi/include/sys/_stdint.h"
 273              		.file 4 "Drivers/CMSIS/Include/core_cm4.h"
 274              		.file 5 "Drivers/CMSIS/Device/ST/STM32F4xx/Include/system_stm32f4xx.h"
 275              		.file 6 "Drivers/CMSIS/Device/ST/STM32F4xx/Include/stm32f446xx.h"
 276              		.file 7 "Drivers/STM32F4xx_HAL_Driver/Inc/stm32f4xx_hal_def.h"
 277              		.file 8 "Drivers/STM32F4xx_HAL_Driver/Inc/stm32f4xx_hal_gpio.h"
ARM GAS  /tmp/ccdvMjAW.s 			page 8


 278              		.file 9 "Drivers/STM32F4xx_HAL_Driver/Inc/stm32f4xx_hal_dma.h"
 279              		.file 10 "Drivers/STM32F4xx_HAL_Driver/Inc/stm32f4xx_hal_uart.h"
 280              		.file 11 "Drivers/STM32F4xx_HAL_Driver/Inc/stm32f4xx_hal.h"
 281              		.file 12 "Core/Inc/usart.h"
 282              		.file 13 "Core/Inc/main.h"
ARM GAS  /tmp/ccdvMjAW.s 			page 9


DEFINED SYMBOLS
                            *ABS*:0000000000000000 usart.c
     /tmp/ccdvMjAW.s:18     .text.MX_USART2_UART_Init:0000000000000000 $t
     /tmp/ccdvMjAW.s:26     .text.MX_USART2_UART_Init:0000000000000000 MX_USART2_UART_Init
     /tmp/ccdvMjAW.s:85     .text.MX_USART2_UART_Init:000000000000002c $d
                            *COM*:0000000000000040 huart2
     /tmp/ccdvMjAW.s:91     .text.HAL_UART_MspInit:0000000000000000 $t
     /tmp/ccdvMjAW.s:98     .text.HAL_UART_MspInit:0000000000000000 HAL_UART_MspInit
     /tmp/ccdvMjAW.s:206    .text.HAL_UART_MspInit:0000000000000068 $d
     /tmp/ccdvMjAW.s:212    .text.HAL_UART_MspDeInit:0000000000000000 $t
     /tmp/ccdvMjAW.s:219    .text.HAL_UART_MspDeInit:0000000000000000 HAL_UART_MspDeInit
     /tmp/ccdvMjAW.s:262    .text.HAL_UART_MspDeInit:0000000000000020 $d

UNDEFINED SYMBOLS
HAL_UART_Init
Error_Handler
HAL_GPIO_Init
HAL_GPIO_DeInit
